Content-Type: text/plain; charset="utf-8"
MIME-Version: 1.0
Content-Transfer-Encoding: 8bit
Subject: 
 =?utf-8?b?0J/QvtC00YLQstC10YDQttC00LXQvdC40LUg0YPRh9C10YLQvdC+0Lkg0LfQsNC/?=
 =?utf-8?b?0LjRgdC4IGRmc2ZzQGFzZC5lcg==?=
From: django@db.local
To: dfsfs@asd.er
Date: Sat, 03 Apr 2021 21:50:56 -0000
Message-ID: <161748665664.18040.5361088625891462534@DESKTOP-RMBQM94>

Сылка для активации: http://localhost:8000/auth/verify/dfsfs@asd.er/17c1d95fde70bf6a0f7b925f63ab99fea58ddca6/
-------------------------------------------------------------------------------
Content-Type: text/plain; charset="utf-8"
MIME-Version: 1.0
Content-Transfer-Encoding: 8bit
Subject: 
 =?utf-8?b?0J/QvtC00YLQstC10YDQttC00LXQvdC40LUg0YPRh9C10YLQvdC+0Lkg0LfQsNC/?=
 =?utf-8?b?0LjRgdC4IGRmc2ZzQGFzZC5lcg==?=
From: django@db.local
To: dfsfs@asd.er
Date: Sat, 03 Apr 2021 21:50:56 -0000
Message-ID: <161748665664.18040.78960875685090532@DESKTOP-RMBQM94>

Сылка для активации: http://localhost:8000/auth/verify/dfsfs@asd.er/17c1d95fde70bf6a0f7b925f63ab99fea58ddca6/
-------------------------------------------------------------------------------
